<?xml version="1.0" encoding="UTF-8"?>
<!-- Generated by org.testng.reporters.JUnitReportReporter -->
<testsuite skipped="0" hostname="DESKTOP-HL5R1SI" name="com.vtiger.tests.LoginTest" tests="2" failures="0" timestamp="2022-01-07T18:00:25 IST" time="7.954" errors="0">
  <testcase name="InvalidLogin" time="7.819" classname="com.vtiger.tests.LoginTest"/>
  <system-out/>
  <testcase name="VerifyLogo" time="0.135" classname="com.vtiger.tests.LoginTest"/>
  <system-out/>
</testsuite> <!-- com.vtiger.tests.LoginTest -->
